2023-02-27 11:33:02 INFO  Main:36 - saved data reading
2023-02-27 11:33:02 INFO  Main:41 - application start
2023-02-27 11:33:03 INFO  Controller:74 - Main controller initializing
2023-02-27 11:33:06 INFO  NewEditController:91 - new/edit window initializing
2023-02-27 11:33:29 INFO  NewEditController:91 - new/edit window initializing
2023-02-27 11:34:25 INFO  TaskInfoController:25 - task info window initializing
2023-02-27 11:34:25 ERROR Controller:127 - error loading task-info.fxml
2023-02-27 11:34:27 INFO  TaskInfoController:25 - task info window initializing
2023-03-08 08:32:09 INFO  Main:36 - saved data reading
2023-03-08 08:32:09 INFO  Main:41 - application start
2023-03-08 08:32:09 INFO  Controller:74 - Main controller initializing
2023-03-08 08:32:41 INFO  NewEditController:90 - new/edit window initializing
2023-03-08 09:22:10 INFO  Main:36 - saved data reading
2023-03-08 09:22:10 INFO  Main:41 - application start
2023-03-08 09:22:10 INFO  Controller:74 - Main controller initializing
2023-03-08 09:22:34 INFO  Main:36 - saved data reading
2023-03-08 09:22:34 INFO  Main:41 - application start
2023-03-08 09:22:34 INFO  Controller:74 - Main controller initializing
2023-03-30 21:20:21 INFO  Main:36 - saved data reading
2023-03-30 21:20:21 INFO  Main:41 - application start
2023-03-30 21:20:22 INFO  Controller:74 - Main controller initializing
2023-03-30 21:20:30 INFO  NewEditController:92 - new/edit window initializing
2023-03-30 21:21:53 ERROR Task:47 - interval < than 1
2023-03-30 21:22:03 ERROR Task:47 - interval < than 1
2023-03-30 21:22:14 ERROR Task:47 - interval < than 1
2023-03-30 21:22:26 ERROR Task:47 - interval < than 1
2023-03-30 21:22:41 ERROR Task:47 - interval < than 1
2023-03-30 21:22:48 ERROR Task:47 - interval < than 1
2023-03-30 21:23:22 ERROR Task:47 - interval < than 1
2023-03-31 19:28:37 INFO  Main:36 - saved data reading
2023-03-31 19:28:37 INFO  Main:41 - application start
2023-03-31 19:28:38 INFO  Controller:74 - Main controller initializing
2023-03-31 19:28:41 INFO  NewEditController:92 - new/edit window initializing
2023-03-31 19:28:50 ERROR Task:47 - interval < than 1
2023-03-31 19:30:31 INFO  Main:36 - saved data reading
2023-03-31 19:30:31 INFO  Main:41 - application start
2023-03-31 19:30:31 INFO  Controller:74 - Main controller initializing
2023-03-31 19:30:43 INFO  NewEditController:92 - new/edit window initializing
2023-04-22 19:41:55 INFO  Main:36 - saved data reading
2023-04-22 19:41:55 INFO  Main:41 - application start
2023-04-22 19:41:55 INFO  Controller:74 - Main controller initializing
2023-04-22 19:56:16 INFO  Main:36 - saved data reading
2023-04-22 19:56:16 INFO  Main:41 - application start
2023-04-22 19:56:16 INFO  Controller:74 - Main controller initializing
2023-04-22 19:56:46 INFO  TaskInfoController:25 - task info window initializing
2023-04-22 19:56:58 INFO  NewEditController:96 - new/edit window initializing
2023-04-22 19:57:36 INFO  NewEditController:96 - new/edit window initializing
2023-04-22 19:58:14 INFO  Main:36 - saved data reading
2023-04-22 19:58:14 INFO  Main:41 - application start
2023-04-22 19:58:14 INFO  Controller:74 - Main controller initializing
2023-04-22 19:58:17 INFO  NewEditController:96 - new/edit window initializing
2023-04-22 20:00:04 INFO  Main:36 - saved data reading
2023-04-22 20:00:04 INFO  Main:41 - application start
2023-04-22 20:00:04 INFO  Controller:74 - Main controller initializing
2023-04-22 20:00:09 INFO  NewEditController:96 - new/edit window initializing
2023-04-22 20:00:46 INFO  NewEditController:96 - new/edit window initializing
2023-04-22 20:01:31 ERROR Task:57 - interval < than 1
2023-04-22 20:01:46 ERROR Task:57 - interval < than 1
2023-04-22 20:01:56 ERROR Task:57 - interval < than 1
2023-04-22 20:02:23 INFO  NewEditController:96 - new/edit window initializing
2023-04-22 20:03:02 ERROR Task:57 - interval < than 1
2023-04-22 20:03:08 ERROR Task:57 - interval < than 1
2023-04-22 20:04:18 INFO  Main:36 - saved data reading
2023-04-22 20:04:18 INFO  Main:41 - application start
2023-04-22 20:04:18 INFO  Controller:74 - Main controller initializing
2023-04-22 20:45:06 INFO  TasksOperations:32 - No tasks found!!!
2023-04-22 20:48:15 INFO  TasksOperations:32 - No tasks found!!!
2023-04-22 20:48:24 INFO  TasksOperations:32 - No tasks found!!!
2023-04-22 20:49:44 INFO  TasksOperations:32 - No tasks found!!!
2023-04-22 20:59:37 INFO  TasksOperations:32 - No tasks found!!!
2023-04-22 20:59:55 INFO  TasksOperations:32 - No tasks found!!!
2023-04-26 08:38:50 INFO  TasksOperations:32 - No tasks found!!!
2023-05-06 12:39:26 ERROR ArrayTaskList:92 - not existing index
2023-05-06 12:39:45 ERROR ArrayTaskList:92 - not existing index
2023-05-06 12:39:53 ERROR ArrayTaskList:92 - not existing index
2023-05-06 13:11:51 INFO  TasksOperations:31 - No tasks found!!!
2023-05-06 13:13:35 INFO  TasksOperations:31 - No tasks found!!!
2023-05-06 13:14:28 INFO  TasksOperations:31 - No tasks found!!!
2023-05-06 13:16:30 INFO  TasksOperations:31 - No tasks found!!!
2023-05-06 13:20:06 INFO  TasksOperations:31 - No tasks found!!!
2023-05-06 13:34:16 INFO  TasksOperations:31 - No tasks found!!!
2023-05-09 11:17:10 ERROR ArrayTaskList:92 - not existing index
2023-05-09 11:17:10 ERROR ArrayTaskList:92 - not existing index
2023-05-09 11:17:10 INFO  TasksOperations:31 - No tasks found!!!
2023-05-09 11:18:10 ERROR ArrayTaskList:92 - not existing index
2023-05-09 11:19:29 ERROR ArrayTaskList:92 - not existing index
2023-05-09 11:19:30 INFO  TasksOperations:31 - No tasks found!!!
2023-05-09 11:22:54 ERROR ArrayTaskList:92 - not existing index
2023-05-09 11:22:54 INFO  TasksOperations:31 - No tasks found!!!
2023-05-09 11:23:28 ERROR ArrayTaskList:92 - not existing index
2023-05-09 11:23:28 INFO  TasksOperations:31 - No tasks found!!!
2023-05-09 11:24:00 ERROR ArrayTaskList:92 - not existing index
2023-05-09 11:24:00 INFO  TasksOperations:31 - No tasks found!!!
2023-05-09 11:24:40 ERROR ArrayTaskList:92 - not existing index
2023-05-09 11:24:40 INFO  TasksOperations:31 - No tasks found!!!
2023-05-09 11:24:52 ERROR ArrayTaskList:92 - not existing index
2023-05-09 11:24:52 INFO  TasksOperations:31 - No tasks found!!!
2023-05-09 11:25:30 ERROR ArrayTaskList:92 - not existing index
2023-05-09 11:25:30 INFO  TasksOperations:31 - No tasks found!!!
2023-05-09 11:28:48 ERROR ArrayTaskList:92 - not existing index
2023-05-09 11:28:48 INFO  TasksOperations:31 - No tasks found!!!
2023-05-09 12:37:13 ERROR ArrayTaskList:92 - not existing index
2023-05-09 12:37:13 INFO  TasksOperations:31 - No tasks found!!!
2023-05-09 12:49:12 ERROR ArrayTaskList:92 - not existing index
2023-05-09 12:49:12 INFO  TasksOperations:31 - No tasks found!!!
2023-05-09 14:12:24 ERROR ArrayTaskList:92 - not existing index
2023-05-09 14:34:25 ERROR ArrayTaskList:92 - not existing index
2023-05-09 14:34:25 INFO  TasksOperations:31 - No tasks found!!!
2023-05-09 14:35:25 ERROR ArrayTaskList:92 - not existing index
2023-05-09 14:35:25 INFO  TasksOperations:31 - No tasks found!!!
2023-05-09 14:38:25 ERROR ArrayTaskList:92 - not existing index
2023-05-09 14:38:25 INFO  TasksOperations:31 - No tasks found!!!
2023-05-09 14:38:53 INFO  TasksOperations:31 - No tasks found!!!
2023-05-09 14:39:10 ERROR ArrayTaskList:92 - not existing index
2023-05-09 14:39:10 INFO  TasksOperations:31 - No tasks found!!!
2023-05-09 14:40:42 ERROR ArrayTaskList:92 - not existing index
2023-05-09 14:40:42 INFO  TasksOperations:31 - No tasks found!!!
2023-05-09 14:41:04 ERROR ArrayTaskList:92 - not existing index
2023-05-09 14:41:04 INFO  TasksOperations:31 - No tasks found!!!
2023-05-09 14:41:45 ERROR ArrayTaskList:92 - not existing index
2023-05-09 14:41:45 INFO  TasksOperations:31 - No tasks found!!!
2023-05-09 14:42:03 ERROR ArrayTaskList:92 - not existing index
2023-05-09 14:42:03 INFO  TasksOperations:31 - No tasks found!!!
2023-05-09 14:42:34 ERROR ArrayTaskList:92 - not existing index
2023-05-09 14:42:34 INFO  TasksOperations:31 - No tasks found!!!
2023-05-09 14:42:42 ERROR ArrayTaskList:92 - not existing index
2023-05-09 14:43:36 ERROR ArrayTaskList:92 - not existing index
2023-05-09 14:43:46 ERROR ArrayTaskList:92 - not existing index
2023-05-09 14:43:46 INFO  TasksOperations:31 - No tasks found!!!
2023-05-09 14:43:56 ERROR ArrayTaskList:92 - not existing index
2023-05-09 14:43:56 INFO  TasksOperations:31 - No tasks found!!!
2023-05-09 14:44:10 ERROR ArrayTaskList:92 - not existing index
2023-05-09 14:44:10 INFO  TasksOperations:31 - No tasks found!!!
